INFO  08:47:00 Application started. Press Ctrl+C to shut down.
INFO  08:47:00 Application started. Press Ctrl+C to shut down.
INFO  08:47:00 Hosting environment: Development
INFO  08:47:00 Hosting environment: Development
INFO  08:47:00 Content root path: E:\BankRetailSystem\Updated\CustomerMicroservice
INFO  08:47:00 Content root path: E:\BankRetailSystem\Updated\CustomerMicroservice
INFO  08:47:07 Get Customer Details is called with id:2
INFO  08:48:11 Creation of customer is initiated
INFO  03:55:49 Application started. Press Ctrl+C to shut down.
INFO  03:55:49 Application started. Press Ctrl+C to shut down.
INFO  03:55:49 Hosting environment: Development
INFO  03:55:49 Hosting environment: Development
INFO  03:55:49 Content root path: E:\BankRetailSystem\Updated\CustomerMicroservice
INFO  03:55:49 Content root path: E:\BankRetailSystem\Updated\CustomerMicroservice
INFO  03:56:25 Creation of customer is initiated
INFO  03:56:26 New Customer account is created
INFO  03:57:20 Get Customer Details is called with id:10
INFO  05:09:19 Application started. Press Ctrl+C to shut down.
INFO  05:09:19 Application started. Press Ctrl+C to shut down.
INFO  05:09:19 Hosting environment: Development
INFO  05:09:19 Hosting environment: Development
INFO  05:09:19 Content root path: E:\BankRetailSystem\Updated\CustomerMicroservice
INFO  05:09:19 Content root path: E:\BankRetailSystem\Updated\CustomerMicroservice
INFO  05:10:56 Creation of customer is initiated
INFO  05:10:56 New Customer account is created
